<?xml version="1.0" encoding="UTF-8"?>
<!-- Generated by org.testng.reporters.JUnitReportReporter -->
<testsuite skipped="0" hostname="BDC6-DX-6G88NK2" name="Day1.webdriver" tests="1" failures="0" timestamp="18 Sep 2019 03:34:20 GMT" time="9.770" errors="0">
  <testcase name="Browerlaunch" time="9.770" classname="Day1.webdriver"/>
</testsuite> <!-- Day1.webdriver -->
